app/manifest-merger-release-report.txt
-- Merging decision tree log ---
manifest
ADDED from AndroidManifest.xml:2:1
	package
		ADDED from AndroidManifest.xml:3:5
		INJECTED from AndroidManifest.xml:0:0
		INJECTED from AndroidManifest.xml:0:0
	android:versionName
		INJECTED from AndroidManifest.xml:0:0
		INJECTED from AndroidManifest.xml:0:0
	xmlns:android
		ADDED from AndroidManifest.xml:4:5
	android:versionCode
		INJECTED from AndroidManifest.xml:0:0
		INJECTED from AndroidManifest.xml:0:0
uses-permission#android.permission.ACCESS_NETWORK_STATE
ADDED from AndroidManifest.xml:6:5
MERGED from Agile_Link_Android.libraries:Android_AylaLibrary:unspecified:15:5
	android:name
		ADDED from AndroidManifest.xml:6:22
uses-permission#android.permission.WRITE_EXTERNAL_STORAGE
ADDED from AndroidManifest.xml:7:5
MERGED from Agile_Link_Android.libraries:Android_AylaLibrary:unspecified:16:5
	android:name
		ADDED from AndroidManifest.xml:7:22
uses-permission#com.google.android.c2dm.permission.RECEIVE
ADDED from AndroidManifest.xml:8:5
	android:name
		ADDED from AndroidManifest.xml:8:22
application
ADDED from AndroidManifest.xml:10:5
MERGED from com.android.support:appcompat-v7:21.0.3:16:5
MERGED from com.android.support:support-v4:21.0.3:16:5
MERGED from com.android.support:cardview-v7:21.0.3:16:5
MERGED from com.android.support:recyclerview-v7:21.0.3:17:5
MERGED from com.android.support:support-v4:21.0.3:16:5
MERGED from com.google.android.gms:play-services:6.5.87:20:5
MERGED from com.android.support:support-v4:21.0.3:16:5
	android:label
		ADDED from AndroidManifest.xml:14:9
	android:allowBackup
		ADDED from AndroidManifest.xml:12:9
	android:icon
		ADDED from AndroidManifest.xml:13:9
	android:theme
		ADDED from AndroidManifest.xml:15:9
	android:name
		ADDED from AndroidManifest.xml:11:9
activity#com.aylanetworks.agilelink.MainActivity
ADDED from AndroidManifest.xml:17:9
	android:screenOrientation
		ADDED from AndroidManifest.xml:20:13
	android:label
		ADDED from AndroidManifest.xml:19:13
	android:launchMode
		ADDED from AndroidManifest.xml:21:13
	android:name
		ADDED from AndroidManifest.xml:18:13
intent-filter#android.intent.action.MAIN+android.intent.category.LAUNCHER
ADDED from AndroidManifest.xml:22:13
action#android.intent.action.MAIN
ADDED from AndroidManifest.xml:23:17
	android:name
		ADDED from AndroidManifest.xml:23:25
category#android.intent.category.LAUNCHER
ADDED from AndroidManifest.xml:24:17
	android:name
		ADDED from AndroidManifest.xml:24:27
activity#com.aylanetworks.agilelink.AccountConfirmActivity
ADDED from AndroidManifest.xml:28:9
	android:screenOrientation
		ADDED from AndroidManifest.xml:32:13
	android:label
		ADDED from AndroidManifest.xml:30:13
	android:launchMode
		ADDED from AndroidManifest.xml:31:13
	android:name
		ADDED from AndroidManifest.xml:29:13
intent-filter#android.intent.action.VIEW+android.intent.category.BROWSABLE+android.intent.category.DEFAULT
ADDED from AndroidManifest.xml:33:13
	android:label
		ADDED from AndroidManifest.xml:33:28
action#android.intent.action.VIEW
ADDED from AndroidManifest.xml:34:17
	android:name
		ADDED from AndroidManifest.xml:34:25
category#android.intent.category.DEFAULT
ADDED from AndroidManifest.xml:36:17
	android:name
		ADDED from AndroidManifest.xml:36:27
category#android.intent.category.BROWSABLE
ADDED from AndroidManifest.xml:37:17
	android:name
		ADDED from AndroidManifest.xml:37:27
data
ADDED from AndroidManifest.xml:39:17
	android:scheme
		ADDED from AndroidManifest.xml:39:23
service#com.aylanetworks.aaml.AylaExecuteRequest
ADDED from AndroidManifest.xml:45:9
	android:name
		ADDED from AndroidManifest.xml:45:18
receiver#com.aylanetworks.aaml.AylaConnectivyListener
ADDED from AndroidManifest.xml:47:9
	android:name
		ADDED from AndroidManifest.xml:47:19
intent-filter#android.net.conn.CONNECTIVITY_CHANGE
ADDED from AndroidManifest.xml:48:13
action#android.net.conn.CONNECTIVITY_CHANGE
ADDED from AndroidManifest.xml:49:17
	android:name
		ADDED from AndroidManifest.xml:49:25
uses-sdk
INJECTED from AndroidManifest.xml:0:0 reason: use-sdk injection requested
MERGED from com.android.support:appcompat-v7:21.0.3:15:5
MERGED from com.android.support:support-v4:21.0.3:15:5
MERGED from com.android.support:cardview-v7:21.0.3:15:5
MERGED from com.android.support:recyclerview-v7:21.0.3:15:5
MERGED from com.android.support:support-v4:21.0.3:15:5
MERGED from com.google.android.gms:play-services:6.5.87:18:5
MERGED from com.android.support:support-v4:21.0.3:15:5
MERGED from Agile_Link_Android.libraries:Android_AylaLibrary:unspecified:7:5
	android:targetSdkVersion
		INJECTED from AndroidManifest.xml:0:0
		INJECTED from AndroidManifest.xml:0:0
	android:minSdkVersion
		INJECTED from AndroidManifest.xml:0:0
		INJECTED from AndroidManifest.xml:0:0
activity#android.support.v7.widget.TestActivity
ADDED from com.android.support:recyclerview-v7:21.0.3:18:9
	android:label
		ADDED from com.android.support:recyclerview-v7:21.0.3:18:19
	android:name
		ADDED from com.android.support:recyclerview-v7:21.0.3:18:60
meta-data#com.google.android.gms.version
ADDED from com.google.android.gms:play-services:6.5.87:21:9
	android:value
		ADDED from com.google.android.gms:play-services:6.5.87:23:13
	android:name
		ADDED from com.google.android.gms:play-services:6.5.87:22:13
uses-permission#android.permission.ACCESS_WIFI_STATE
ADDED from Agile_Link_Android.libraries:Android_AylaLibrary:unspecified:11:5
	android:name
		ADDED from Agile_Link_Android.libraries:Android_AylaLibrary:unspecified:11:22
uses-permission#android.permission.CHANGE_WIFI_STATE
ADDED from Agile_Link_Android.libraries:Android_AylaLibrary:unspecified:12:5
	android:name
		ADDED from Agile_Link_Android.libraries:Android_AylaLibrary:unspecified:12:22
uses-permission#android.permission.READ_PHONE_STATE
ADDED from Agile_Link_Android.libraries:Android_AylaLibrary:unspecified:13:5
	android:name
		ADDED from Agile_Link_Android.libraries:Android_AylaLibrary:unspecified:13:22
uses-permission#android.permission.INTERNET
ADDED from Agile_Link_Android.libraries:Android_AylaLibrary:unspecified:14:5
	android:name
		ADDED from Agile_Link_Android.libraries:Android_AylaLibrary:unspecified:14:22
uses-permission#android.permission.BROADCAST_STICKY
ADDED from Agile_Link_Android.libraries:Android_AylaLibrary:unspecified:17:5
	android:name
		ADDED from Agile_Link_Android.libraries:Android_AylaLibrary:unspecified:17:22
uses-permission#android.permission.CHANGE_NETWORK_STATE
ADDED from Agile_Link_Android.libraries:Android_AylaLibrary:unspecified:18:5
	android:name
		ADDED from Agile_Link_Android.libraries:Android_AylaLibrary:unspecified:18:22
uses-permission#android.permission.CHANGE_WIFI_MULTICAST_STATE
ADDED from Agile_Link_Android.libraries:Android_AylaLibrary:unspecified:19:5
	android:name
		ADDED from Agile_Link_Android.libraries:Android_AylaLibrary:unspecified:19:22